#
# There is insufficient memory for the Java Runtime Environment to continue.
# Native memory allocation (malloc) failed to allocate 1048576 bytes for AllocateHeap
# Possible reasons:
#   The system is out of physical RAM or swap space
#   The process is running with CompressedOops enabled, and the Java Heap may be blocking the growth of the native heap
# Possible solutions:
#   Reduce memory load on the system
#   Increase physical memory or swap space
#   Check if swap backing store is full
#   Decrease Java heap size (-Xmx/-Xms)
#   Decrease number of Java threads
#   Decrease Java thread stack sizes (-Xss)
#   Set larger code cache with -XX:ReservedCodeCacheSize=
#   JVM is running with Unscaled Compressed Oops mode in which the Java heap is
#     placed in the first 4GB address space. The Java Heap base address is the
#     maximum limit for the native heap growth. Please use -XX:HeapBaseMinAddress
#     to set the Java Heap base and to place the Java Heap above 4GB virtual address.
# This output file may be truncated or incomplete.
#
#  Out of Memory Error (memory/allocation.inline.hpp:61), pid=11568, tid=0x0000000000001fb4
#
# JRE version:  (8.0_242-b01) (build )
# Java VM: OpenJDK 64-Bit Server VM (25.242-b01 mixed mode windows-amd64 compressed oops)
# Failed to write core dump. Minidumps are not enabled by default on client versions of Windows
#

---------------  T H R E A D  ---------------

Current thread (0x0000000000e0e800):  JavaThread "Unknown thread" [_thread_in_vm, id=8116, stack(0x00000000025f0000,0x00000000026f0000)]

Stack: [0x00000000025f0000,0x00000000026f0000]
[error occurred during error reporting (printing stack bounds), id 0xc0000005]

Native frames: (J=compiled Java code, j=interpreted, Vv=VM code, C=native code)


---------------  P R O C E S S  ---------------

Java Threads: ( => current thread )

Other Threads:

=>0x0000000000e0e800 (exited) JavaThread "Unknown thread" [_thread_in_vm, id=8116, stack(0x00000000025f0000,0x00000000026f0000)]

VM state:not at safepoint (normal execution)

VM Mutex/Monitor currently owned by a thread: None

heap address: 0x00000000c0000000, size: 1024 MB, Compressed Oops mode: 32-bit
Narrow klass base: 0x0000000000000000, Narrow klass shift: 3
Compressed class space size: 1073741824 Address: 0x0000000100000000

Heap:
 PSYoungGen      total 75776K, used 1300K [0x00000000eab00000, 0x00000000eff80000, 0x0000000100000000)
  eden space 65024K, 2% used [0x00000000eab00000,0x00000000eac451f8,0x00000000eea80000)
  from space 10752K, 0% used [0x00000000ef500000,0x00000000ef500000,0x00000000eff80000)
  to   space 10752K, 0% used [0x00000000eea80000,0x00000000eea80000,0x00000000ef500000)
 ParOldGen       total 173568K, used 0K [0x00000000c0000000, 0x00000000ca980000, 0x00000000eab00000)
  object space 173568K, 0% used [0x00000000c0000000,0x00000000c0000000,0x00000000ca980000)
 Metaspace       used 779K, capacity 4480K, committed 4480K, reserved 1056768K
  class space    used 74K, capacity 384K, committed 384K, reserved 1048576K

Card table byte_map: [0x0000000011fa0000,0x00000000121b0000] byte_map_base: 0x00000000119a0000

Marking Bits: (ParMarkBitMap*) 0x0000000077e8f030
 Begin Bits: [0x0000000012b10000, 0x0000000013b10000)
 End Bits:   [0x0000000013b10000, 0x0000000014b10000)

Polling page: 0x0000000000d80000

CodeCache: size=245760Kb used=328Kb max_used=328Kb free=245431Kb
 bounds [0x0000000002be0000, 0x0000000002e50000, 0x0000000011be0000]
 total_blobs=57 nmethods=0 adapters=38
 compilation: enabled

Compilation events (0 events):
No events

GC Heap History (0 events):
No events

Deoptimization events (0 events):
No events

Classes redefined (0 events):
No events

Internal exceptions (0 events):
No events

Events (10 events):
Event: 0.039 loading class java/lang/Short
Event: 0.039 loading class java/lang/Short done
Event: 0.039 loading class java/lang/Integer
Event: 0.039 loading class java/lang/Integer done
Event: 0.039 loading class java/lang/Long
Event: 0.040 loading class java/lang/Long done
Event: 0.041 loading class java/lang/NullPointerException
Event: 0.041 loading class java/lang/NullPointerException done
Event: 0.041 loading class java/lang/ArithmeticException
Event: 0.041 loading class java/lang/ArithmeticException done


Dynamic libraries:
0x00007ff76a7a0000 - 0x00007ff76a7d1000 	D:\downloads\android\jre\bin\java.exe
0x00007ffd17ab0000 - 0x00007ffd17ca5000 	C:\WINDOWS\SYSTEM32\ntdll.dll
0x00007ffd16dd0000 - 0x00007ffd16e8e000 	C:\WINDOWS\System32\KERNEL32.DLL
0x00007ffd15230000 - 0x00007ffd154f8000 	C:\WINDOWS\System32\KERNELBASE.dll
0x00007ffd17860000 - 0x00007ffd1790c000 	C:\WINDOWS\System32\ADVAPI32.dll
0x00007ffd16700000 - 0x00007ffd1679e000 	C:\WINDOWS\System32\msvcrt.dll
0x00007ffd177c0000 - 0x00007ffd1785b000 	C:\WINDOWS\System32\sechost.dll
0x00007ffd16eb0000 - 0x00007ffd16fda000 	C:\WINDOWS\System32\RPCRT4.dll
0x00007ffd16ff0000 - 0x00007ffd17191000 	C:\WINDOWS\System32\USER32.dll
0x00007ffd151d0000 - 0x00007ffd151f2000 	C:\WINDOWS\System32\win32u.dll
0x00007ffd17910000 - 0x00007ffd1793b000 	C:\WINDOWS\System32\GDI32.dll
0x00007ffd159f0000 - 0x00007ffd15afb000 	C:\WINDOWS\System32\gdi32full.dll
0x00007ffd156f0000 - 0x00007ffd1578d000 	C:\WINDOWS\System32\msvcp_win.dll
0x00007ffd15560000 - 0x00007ffd15660000 	C:\WINDOWS\System32\ucrtbase.dll
0x00007ffcf91e0000 - 0x00007ffcf947a000 	C:\WINDOWS\WinSxS\amd64_microsoft.windows.common-controls_6595b64144ccf1df_6.0.19041.1110_none_60b5254171f9507e\COMCTL32.dll
0x00007ffd15bf0000 - 0x00007ffd15c20000 	C:\WINDOWS\System32\IMM32.DLL
0x0000000077440000 - 0x0000000077512000 	D:\downloads\android\jre\jre\bin\msvcr100.dll
0x00000000776c0000 - 0x0000000077f0b000 	D:\downloads\android\jre\jre\bin\server\jvm.dll
0x00007ffd16610000 - 0x00007ffd16618000 	C:\WINDOWS\System32\PSAPI.DLL
0x00007ffcfb260000 - 0x00007ffcfb269000 	C:\WINDOWS\SYSTEM32\WSOCK32.dll
0x00007ffd15c20000 - 0x00007ffd15c8b000 	C:\WINDOWS\System32\WS2_32.dll
0x00007ffcfb6d0000 - 0x00007ffcfb6f7000 	C:\WINDOWS\SYSTEM32\WINMM.dll
0x00007ffd0bde0000 - 0x00007ffd0bdea000 	C:\WINDOWS\SYSTEM32\VERSION.dll
0x00007ffd101b0000 - 0x00007ffd101bf000 	D:\downloads\android\jre\jre\bin\verify.dll
0x00007ffd0d5a0000 - 0x00007ffd0d5c9000 	D:\downloads\android\jre\jre\bin\java.dll
0x00007ffd0d580000 - 0x00007ffd0d596000 	D:\downloads\android\jre\jre\bin\zip.dll

VM Arguments:
jvm_args: -Djava.awt.headless=true -Xmx1024M -Dfile.encoding=GBK -Duser.country=CN -Duser.language=zh -Duser.variant 
java_command: com.android.dx.command.Main --dex --num-threads=4 --output D:\src\2021fall\SE\simple-explorer-main\explorer\build\intermediates\pre-dexed\debug\com.android.support-appcompat-v7-23.1.1_678ac25ac4c725df56452dd13ff9aebb2853ada0.jar D:\src\2021fall\SE\simple-explorer-main\explorer\build\intermediates\exploded-aar\com.android.support\appcompat-v7\23.1.1\jars\classes.jar
java_class_path (initial): C:\Users\86182\AppData\Local\Android\Sdk\build-tools\23.0.2\lib\dx.jar
Launcher Type: SUN_STANDARD

Environment Variables:
JAVA_HOME=D:\downloads\java\jdk1.8.0_231
CLASSPATH=.; D:\downloads\java\jdk1.8.0_231\lib;
PATH=D:\downloads\java\jdk1.8.0_231\bin;C:\Users\86182\AppData\Local\Android\Sdk\platform-tools;C:\Users\86182\AppData\Local\Android\Sdk\tools;C:\Program Files (x86)\Common Files\Oracle\Java\javapath;D:\downloads\MinGW\mingw\mingw64\bin;C:\windows\system32;C:\windows;C:\windows\System32\Wbem;C:\windows\System32\WindowsPowerShell\v1.0\;C:\windows\System32\OpenSSH\;C:\Program Files (x86)\NVIDIA Corporation\PhysX\Common;D:\downloads\Nodejs_src;C:\Program Files\Intel\WiFi\bin\;C:\Program Files\Common Files\Intel\WirelessCommon\;C:\Program Files (x86)\Intel\Intel(R) Management Engine Components\DAL;C:\Program Files\Intel\Intel(R) Management Engine Components\DAL;C:\Program Files\dotnet\;C:\WINDOWS\system32;C:\WINDOWS;C:\WINDOWS\System32\Wbem;C:\WINDOWS\System32\WindowsPowerShell\v1.0\;C:\WINDOWS\System32\OpenSSH\;D:\Tools\bin;D:\downloads\git\Git\cmd;D:\downloads\Nodejs_src\;C:\Users\86182\AppData\Local\Programs\Python\Python39\Scripts\;C:\Users\86182\AppData\Local\Programs\Python\Python39\;C:\Program Files (x86)\Microsoft Visual Studio\Common\Tools\WinNT;C:\Program Files (x86)\Microsoft Visual Studio\Common\MSDev98\Bin;C:\Program Files (x86)\Microsoft Visual Studio\Common\Tools;C:\Program Files (x86)\Microsoft Visual Studio\VC98\bin;C:\Users\86182\AppData\Local\Microsoft\WindowsApps;C:\Program Files (x86)\Microsoft Visual Studio\Shared\Python37_64;D:\Users\86182\texlive\2019\bin\win32;D:\下载\Microsoft VS Code\bin;C:\Qt\Qt5.14.2\Tools\QtCreator\bin;C:\Qt\Qt5.14.2\Tools\mingw730_64\bin;C:\Qt\Qt5.14.2\5.14.2\mingw73_64\bin;D:\downloads\git\Git\cmd;C:\Users\86182\AppData\Roaming\npm
USERNAME=86182
OS=Windows_NT
PROCESSOR_IDENTIFIER=Intel64 Family 6 Model 142 Stepping 12, GenuineIntel



---------------  S Y S T E M  ---------------

OS: Windows 10.0 , 64 bit Build 19041 (10.0.19041.1348)

CPU:total 8 (initial active 8) (4 cores per cpu, 2 threads per core) family 6 model 142 stepping 12, cmov, cx8, fxsr, mmx, sse, sse2, sse3, ssse3, sse4.1, sse4.2, popcnt, avx, avx2, aes, clmul, erms, 3dnowpref, lzcnt, ht, tsc, tscinvbit, bmi1, bmi2, adx

Memory: 4k page, physical 16644896k(4573068k free), swap 18692896k(98252k free)

vm_info: OpenJDK 64-Bit Server VM (25.242-b01) for windows-amd64 JRE (1.8.0_242-release-1644-b01), built by "builder" with MS VC++ 10.0 (VS2010)

time: Fri Dec 03 14:23:15 2021
timezone: 中国标准时间
elapsed time: 0 seconds (0d 0h 0m 0s)

